<?xml version="1.0" encoding="UTF-8"?>
<!-- Generated by org.testng.reporters.JUnitReportReporter -->
<testsuite hostname="LAPTOP-3IK4T82S" failures="0" tests="1" name="tests.TestVideiGamesPurchasing" time="143.171" errors="0" timestamp="2025-04-12T03:39:07 EET" skipped="0">
  <testcase classname="tests.TestVideiGamesPurchasing" name="videoGamesPurchasing" time="143.171"/>
  <system-out/>
</testsuite> <!-- tests.TestVideiGamesPurchasing -->
